Program Version,EnergyPlus, Version 9.5.0-de239b2e5f, YMD=2021.05.20 16:36,
   ************* Beginning Zone Sizing Calculations
   ** Warning ** Weather file location will be used rather than entered (IDF) Location object.
   **   ~~~   ** ..Location object=SITE 1
   **   ~~~   ** ..Weather File Location=Denver Centennial  Golden   Nr CO USA TMY3 WMO#=724666
   **   ~~~   ** ..due to location differences, Latitude difference=[2.03] degrees, Longitude difference=[17.43] degrees.
   **   ~~~   ** ..Time Zone difference=[1.0] hour(s), Elevation difference=[862.63] percent, [1639.00] meters.
   ** Warning ** SetUpDesignDay: Entered DesignDay Barometric Pressure=99063 differs by more than 10% from Standard Barometric Pressure=81198.
   **   ~~~   ** ...occurs in DesignDay=SIZING PERIOD DESIGN DAY 1, Standard Pressure (based on elevation) will be used.
   ** Warning ** ProcessScheduleInput: Schedule:Day:Interval="MEDIUM OFFICE ELECTRIC EQUIPMENT SUMMER DESIGN DAY SCHEDULE", Blank Schedule Type Limits Name input -- will not be validated.
   ** Warning ** ProcessScheduleInput: Schedule:Day:Interval="MEDIUM OFFICE ELECTRIC EQUIPMENT WINTER DESIGN DAY SCHEDULE", Blank Schedule Type Limits Name input -- will not be validated.
   ** Warning ** ProcessScheduleInput: Schedule:Day:Interval="MEDIUM OFFICE GAS EQUIPMENT SUMMER DESIGN DAY SCHEDULE", Blank Schedule Type Limits Name input -- will not be validated.
   ** Warning ** ProcessScheduleInput: Schedule:Day:Interval="MEDIUM OFFICE GAS EQUIPMENT WINTER DESIGN DAY SCHEDULE", Blank Schedule Type Limits Name input -- will not be validated.
   ** Warning ** ProcessScheduleInput: Schedule:Day:Interval="MEDIUM OFFICE HOT WATER EQUIPMENT SUMMER DESIGN DAY SCHEDULE", Blank Schedule Type Limits Name input -- will not be validated.
   ** Warning ** ProcessScheduleInput: Schedule:Day:Interval="MEDIUM OFFICE HOT WATER EQUIPMENT WINTER DESIGN DAY SCHEDULE", Blank Schedule Type Limits Name input -- will not be validated.
   ** Warning ** ProcessScheduleInput: Schedule:Day:Interval="MEDIUM OFFICE INFILTRATION SUMMER DESIGN DAY SCHEDULE", Blank Schedule Type Limits Name input -- will not be validated.
   ** Warning ** ProcessScheduleInput: Schedule:Day:Interval="MEDIUM OFFICE INFILTRATION WINTER DESIGN DAY SCHEDULE", Blank Schedule Type Limits Name input -- will not be validated.
   ** Warning ** ProcessScheduleInput: Schedule:Day:Interval="MEDIUM OFFICE LIGHTING SUMMER DESIGN DAY SCHEDULE", Blank Schedule Type Limits Name input -- will not be validated.
   ** Warning ** ProcessScheduleInput: Schedule:Day:Interval="MEDIUM OFFICE LIGHTING WINTER DESIGN DAY SCHEDULE", Blank Schedule Type Limits Name input -- will not be validated.
   ** Warning ** ProcessScheduleInput: Schedule:Day:Interval="MEDIUM OFFICE NUMBER OF PEOPLE SUMMER DESIGN DAY SCHEDULE", Blank Schedule Type Limits Name input -- will not be validated.
   ** Warning ** ProcessScheduleInput: Schedule:Constant="ALWAYS OFF DISCRETE", Blank Schedule Type Limits Name input -- will not be validated.
   ** Warning ** ProcessScheduleInput: Schedule:Constant="ALWAYS ON CONTINUOUS", Blank Schedule Type Limits Name input -- will not be validated.
   ** Warning ** CheckUsedConstructions: There are 5 nominally unused constructions in input.
   **   ~~~   ** For explicit details on each unused construction, use Output:Diagnostics,DisplayExtraWarnings;
   ** Warning ** GetDaylightingControls: Fraction of Zone controlled by the Daylighting reference points is < 1.0.
   **   ~~~   ** ..discovered in "Daylighting:Controls" for Zone="THERMAL ZONE 1", only 0.250 of the zone is controlled.
   ** Warning ** SetUpDesignDay: Entered DesignDay Barometric Pressure=99063 differs by more than 10% from Standard Barometric Pressure=81198.
   **   ~~~   ** ...occurs in DesignDay=SIZING PERIOD DESIGN DAY 2, Standard Pressure (based on elevation) will be used.
   ************* Beginning System Sizing Calculations
   ** Warning ** GetOAControllerInputs: Controller:MechanicalVentilation="CONTROLLER MECHANICAL VENTILATION 1
   **   ~~~   ** Cannot locate a matching DesignSpecification:ZoneAirDistribution object for Zone="THERMAL ZONE 1".
   **   ~~~   ** Using default zone air distribution effectiveness of 1.0 for heating and cooling.
   ** Warning ** Output:Meter:MeterFileOnly: invalid Key Name="PROPANE:FACILITY" - not found.
   ************* Testing Individual Branch Integrity
   ************* All Branches passed integrity testing
   ************* Testing Individual Supply Air Path Integrity
   ************* All Supply Air Paths passed integrity testing
   ************* Testing Individual Return Air Path Integrity
   ************* All Return Air Paths passed integrity testing
   ************* No node connection errors were found.
   ************* Beginning Simulation
