Program Version,EnergyPlus, Version 9.5.0-de239b2e5f, YMD=2021.05.27 17:26,
   ************* Beginning Zone Sizing Calculations
   ** Warning ** Weather file location will be used rather than entered (IDF) Location object.
   **   ~~~   ** ..Location object=SITE 1
   **   ~~~   ** ..Weather File Location=Denver Centennial  Golden   Nr CO USA TMY3 WMO#=724666
   **   ~~~   ** ..due to location differences, Latitude difference=[2.03] degrees, Longitude difference=[17.43] degrees.
   **   ~~~   ** ..Time Zone difference=[1.0] hour(s), Elevation difference=[862.63] percent, [1639.00] meters.
   ** Warning ** SetUpDesignDay: Entered DesignDay Barometric Pressure=99063 differs by more than 10% from Standard Barometric Pressure=81198.
   **   ~~~   ** ...occurs in DesignDay=SIZING PERIOD DESIGN DAY 1, Standard Pressure (based on elevation) will be used.
   ** Warning ** ProcessScheduleInput: Schedule:Day:Interval="MEDIUM OFFICE ELECTRIC EQUIPMENT SUMMER DESIGN DAY SCHEDULE", Blank Schedule Type Limits Name input -- will not be validated.
   ** Warning ** ProcessScheduleInput: Schedule:Day:Interval="MEDIUM OFFICE ELECTRIC EQUIPMENT WINTER DESIGN DAY SCHEDULE", Blank Schedule Type Limits Name input -- will not be validated.
   ** Warning ** ProcessScheduleInput: Schedule:Day:Interval="MEDIUM OFFICE GAS EQUIPMENT SUMMER DESIGN DAY SCHEDULE", Blank Schedule Type Limits Name input -- will not be validated.
   ** Warning ** ProcessScheduleInput: Schedule:Day:Interval="MEDIUM OFFICE GAS EQUIPMENT WINTER DESIGN DAY SCHEDULE", Blank Schedule Type Limits Name input -- will not be validated.
   ** Warning ** ProcessScheduleInput: Schedule:Day:Interval="MEDIUM OFFICE HOT WATER EQUIPMENT SUMMER DESIGN DAY SCHEDULE", Blank Schedule Type Limits Name input -- will not be validated.
   ** Warning ** ProcessScheduleInput: Schedule:Day:Interval="MEDIUM OFFICE HOT WATER EQUIPMENT WINTER DESIGN DAY SCHEDULE", Blank Schedule Type Limits Name input -- will not be validated.
   ** Warning ** ProcessScheduleInput: Schedule:Day:Interval="MEDIUM OFFICE INFILTRATION SUMMER DESIGN DAY SCHEDULE", Blank Schedule Type Limits Name input -- will not be validated.
   ** Warning ** ProcessScheduleInput: Schedule:Day:Interval="MEDIUM OFFICE INFILTRATION WINTER DESIGN DAY SCHEDULE", Blank Schedule Type Limits Name input -- will not be validated.
   ** Warning ** ProcessScheduleInput: Schedule:Day:Interval="MEDIUM OFFICE LIGHTING SUMMER DESIGN DAY SCHEDULE", Blank Schedule Type Limits Name input -- will not be validated.
   ** Warning ** ProcessScheduleInput: Schedule:Day:Interval="MEDIUM OFFICE LIGHTING WINTER DESIGN DAY SCHEDULE", Blank Schedule Type Limits Name input -- will not be validated.
   ** Warning ** ProcessScheduleInput: Schedule:Day:Interval="MEDIUM OFFICE NUMBER OF PEOPLE SUMMER DESIGN DAY SCHEDULE", Blank Schedule Type Limits Name input -- will not be validated.
   ** Warning ** ProcessScheduleInput: Schedule:Constant="ALWAYS OFF DISCRETE", Blank Schedule Type Limits Name input -- will not be validated.
   ** Warning ** ProcessScheduleInput: Schedule:Constant="ALWAYS ON CONTINUOUS", Blank Schedule Type Limits Name input -- will not be validated.
   ** Warning ** CheckUsedConstructions: There are 5 nominally unused constructions in input.
   **   ~~~   ** For explicit details on each unused construction, use Output:Diagnostics,DisplayExtraWarnings;
   ** Warning ** GetDaylightingControls: Fraction of Zone controlled by the Daylighting reference points is < 1.0.
   **   ~~~   ** ..discovered in "Daylighting:Controls" for Zone="THERMAL ZONE 1", only 0.250 of the zone is controlled.
   ** Warning ** SetUpDesignDay: Entered DesignDay Barometric Pressure=99063 differs by more than 10% from Standard Barometric Pressure=81198.
   **   ~~~   ** ...occurs in DesignDay=SIZING PERIOD DESIGN DAY 2, Standard Pressure (based on elevation) will be used.
   ************* Beginning System Sizing Calculations
   ** Warning ** GetOAControllerInputs: Controller:MechanicalVentilation="CONTROLLER MECHANICAL VENTILATION 1
   **   ~~~   ** Cannot locate a matching DesignSpecification:ZoneAirDistribution object for Zone="THERMAL ZONE 1".
   **   ~~~   ** Using default zone air distribution effectiveness of 1.0 for heating and cooling.
   ** Warning ** Output:Meter:MeterFileOnly: invalid Key Name="PROPANE:FACILITY" - not found.
   ************* Testing Individual Branch Integrity
   ************* All Branches passed integrity testing
   ************* Testing Individual Supply Air Path Integrity
   ************* All Supply Air Paths passed integrity testing
   ************* Testing Individual Return Air Path Integrity
   ************* All Return Air Paths passed integrity testing
   ************* No node connection errors were found.
   ************* Beginning Simulation
   ** Warning ** Data Exchange API: An EnergyManagementSystem:Actuator seems to be already defined in the EnergyPlus File and named 'TEST_WEATHER'.
   **   ~~~   ** Occurred for componentType='WEATHER DATA', controlType='OUTDOOR DRY BULB', uniqueKey='ENVIRONMENT'.
   **   ~~~   ** The getActuatorHandle function will still return the handle (= 1) but caller should take note that there is a risk of overwritting.
   ** Warning ** CalcDoe2DXCoil: Coil:Cooling:DX:SingleSpeed "COIL COOLING DX SINGLE SPEED 1" - Air-cooled condenser inlet dry-bulb temperature below 0 C. Outdoor dry-bulb temperature = -6.17
   **   ~~~   **  ... Occurrence info = RUN PERIOD 1, 01/01 22:05 - 22:06
   **   ~~~   ** ... Operation at low ambient temperatures may require special performance curves.
   ** Warning ** The resource referenced by LifeCycleCost:UsePriceEscalation= "U.S. AVG  COMMERCIAL-ELECTRICITY" has no energy cost. 
   **   ~~~   ** ... It is likely that the wrong resource is used. The resource should match the meter used in Utility:Tariff.
   ** Warning ** The resource referenced by LifeCycleCost:UsePriceEscalation= "U.S. AVG  COMMERCIAL-DISTILLATE OIL" has no energy cost. 
   **   ~~~   ** ... It is likely that the wrong resource is used. The resource should match the meter used in Utility:Tariff.
   ** Warning ** The resource referenced by LifeCycleCost:UsePriceEscalation= "U.S. AVG  COMMERCIAL-RESIDUAL OIL" has no energy cost. 
   **   ~~~   ** ... It is likely that the wrong resource is used. The resource should match the meter used in Utility:Tariff.
   ** Warning ** The resource referenced by LifeCycleCost:UsePriceEscalation= "U.S. AVG  COMMERCIAL-NATURAL GAS" has no energy cost. 
   **   ~~~   ** ... It is likely that the wrong resource is used. The resource should match the meter used in Utility:Tariff.
   ** Warning ** The resource referenced by LifeCycleCost:UsePriceEscalation= "U.S. AVG  COMMERCIAL-COAL" has no energy cost. 
   **   ~~~   ** ... It is likely that the wrong resource is used. The resource should match the meter used in Utility:Tariff.
   ************* Simulation Error Summary *************
   ************* There are 5 unused schedules in input.
   ************* There are 8 unused week schedules in input.
   ************* There are 30 unused day schedules in input.
   ************* Use Output:Diagnostics,DisplayUnusedSchedules; to see them.
   *************
   ************* ===== Recurring Error Summary =====
   ************* The following recurring error messages occurred.
   *************
   *************  ** Warning ** CalcDoe2DXCoil: Coil:Cooling:DX:SingleSpeed="COIL COOLING DX SINGLE SPEED 1" - Low condenser dry-bulb temperature error continues...
   *************  **   ~~~   **   This error occurred 74 total times;
   *************  **   ~~~   **   during Warmup 0 times;
   *************  **   ~~~   **   during Sizing 0 times.
   *************  **   ~~~   **   Max=-0.166667 [C]  Min=-11.666667 [C]
   *************
   *************
   ************* ===== Final Error Summary =====
   ************* The following error categories occurred.  Consider correcting or noting.
   ************* Nominally Unused Constructions
   ************* ..The nominally unused constructions warning is provided to alert you to potential conditions that can cause
   ************* ..extra time during simulation. Each construction is calculated by the algorithm indicated in the HeatBalanceAlgorithm
   ************* ..object. You may remove the constructions indicated (when you use the DisplayExtraWarnings option).
   *************
   ************* EnergyPlus Warmup Error Summary. During Warmup: 1 Warning; 0 Severe Errors.
   ************* EnergyPlus Sizing Error Summary. During Sizing: 18 Warning; 0 Severe Errors.
   ************* EnergyPlus Completed Successfully-- 100 Warning; 0 Severe Errors; Elapsed Time=00hr 00min  2.87sec
